<?xml version="1.0" encoding="UTF-8" ?>
<testsuite tests="4" failures="0" name="ua.epam.lesson_1.TestLesson_1" time="0.005" errors="0" skipped="0">
  <properties>
[...]
</properties>
  <testcase classname="ua.epam.lesson_1.TestLesson_1" name="task_1" time="0.005"/>
  <testcase classname="ua.epam.lesson_1.TestLesson_1" name="task_2" time="0"/>
  <testcase classname="ua.epam.lesson_1.TestLesson_1" name="task_3" time="0"/>
  <testcase classname="ua.epam.lesson_1.TestLesson_1" name="task_4" time="0"/>
</testsuite>